  main.cpp
C:\Users\nelso\Desktop\Universidade\Computacao Grafica\Trabalho\CG-TP.git\trunk\fase1\Generator\Generator\main.cpp(111,14): warning C4244: 'initializing': conversion from 'double' to 'float', possible loss of data
C:\Users\nelso\Desktop\Universidade\Computacao Grafica\Trabalho\CG-TP.git\trunk\fase1\Generator\Generator\main.cpp(114,13): warning C4244: 'initializing': conversion from 'double' to 'float', possible loss of data
C:\Users\nelso\Desktop\Universidade\Computacao Grafica\Trabalho\CG-TP.git\trunk\fase1\Generator\Generator\main.cpp(123,16): warning C4244: 'initializing': conversion from 'double' to 'float', possible loss of data
C:\Users\nelso\Desktop\Universidade\Computacao Grafica\Trabalho\CG-TP.git\trunk\fase1\Generator\Generator\main.cpp(133,15): warning C4244: '=': conversion from 'double' to 'float', possible loss of data
C:\Users\nelso\Desktop\Universidade\Computacao Grafica\Trabalho\CG-TP.git\trunk\fase1\Generator\Generator\main.cpp(138,31): warning C4244: '=': conversion from 'double' to 'float', possible loss of data
C:\Users\nelso\Desktop\Universidade\Computacao Grafica\Trabalho\CG-TP.git\trunk\fase1\Generator\Generator\main.cpp(139,15): warning C4244: '=': conversion from 'double' to 'float', possible loss of data
C:\Users\nelso\Desktop\Universidade\Computacao Grafica\Trabalho\CG-TP.git\trunk\fase1\Generator\Generator\main.cpp(140,31): warning C4244: '=': conversion from 'double' to 'float', possible loss of data
C:\Users\nelso\Desktop\Universidade\Computacao Grafica\Trabalho\CG-TP.git\trunk\fase1\Generator\Generator\main.cpp(144,31): warning C4244: '=': conversion from 'double' to 'float', possible loss of data
C:\Users\nelso\Desktop\Universidade\Computacao Grafica\Trabalho\CG-TP.git\trunk\fase1\Generator\Generator\main.cpp(145,15): warning C4244: '=': conversion from 'double' to 'float', possible loss of data
C:\Users\nelso\Desktop\Universidade\Computacao Grafica\Trabalho\CG-TP.git\trunk\fase1\Generator\Generator\main.cpp(146,31): warning C4244: '=': conversion from 'double' to 'float', possible loss of data
C:\Users\nelso\Desktop\Universidade\Computacao Grafica\Trabalho\CG-TP.git\trunk\fase1\Generator\Generator\main.cpp(160,14): warning C4244: 'initializing': conversion from 'double' to 'float', possible loss of data
C:\Users\nelso\Desktop\Universidade\Computacao Grafica\Trabalho\CG-TP.git\trunk\fase1\Generator\Generator\main.cpp(162,22): warning C4244: 'initializing': conversion from 'int' to 'float', possible loss of data
C:\Users\nelso\Desktop\Universidade\Computacao Grafica\Trabalho\CG-TP.git\trunk\fase1\Generator\Generator\main.cpp(182,22): warning C4244: '=': conversion from 'double' to 'float', possible loss of data
C:\Users\nelso\Desktop\Universidade\Computacao Grafica\Trabalho\CG-TP.git\trunk\fase1\Generator\Generator\main.cpp(183,22): warning C4244: '=': conversion from 'double' to 'float', possible loss of data
C:\Users\nelso\Desktop\Universidade\Computacao Grafica\Trabalho\CG-TP.git\trunk\fase1\Generator\Generator\main.cpp(187,22): warning C4244: '=': conversion from 'double' to 'float', possible loss of data
C:\Users\nelso\Desktop\Universidade\Computacao Grafica\Trabalho\CG-TP.git\trunk\fase1\Generator\Generator\main.cpp(188,22): warning C4244: '=': conversion from 'double' to 'float', possible loss of data
C:\Users\nelso\Desktop\Universidade\Computacao Grafica\Trabalho\CG-TP.git\trunk\fase1\Generator\Generator\main.cpp(164,11): warning C4101: 'y': unreferenced local variable
C:\Users\nelso\Desktop\Universidade\Computacao Grafica\Trabalho\CG-TP.git\trunk\fase1\Generator\Generator\main.cpp(214,22): warning C4244: 'argument': conversion from 'double' to 'float', possible loss of data
C:\Users\nelso\Desktop\Universidade\Computacao Grafica\Trabalho\CG-TP.git\trunk\fase1\Generator\Generator\main.cpp(219,51): warning C4244: 'argument': conversion from 'double' to 'float', possible loss of data
C:\Users\nelso\Desktop\Universidade\Computacao Grafica\Trabalho\CG-TP.git\trunk\fase1\Generator\Generator\main.cpp(219,36): warning C4244: 'argument': conversion from 'double' to 'float', possible loss of data
C:\Users\nelso\Desktop\Universidade\Computacao Grafica\Trabalho\CG-TP.git\trunk\fase1\Generator\Generator\main.cpp(219,21): warning C4244: 'argument': conversion from 'double' to 'float', possible loss of data
C:\Users\nelso\Desktop\Universidade\Computacao Grafica\Trabalho\CG-TP.git\trunk\fase1\Generator\Generator\main.cpp(224,54): warning C4244: 'argument': conversion from 'double' to 'int', possible loss of data
C:\Users\nelso\Desktop\Universidade\Computacao Grafica\Trabalho\CG-TP.git\trunk\fase1\Generator\Generator\main.cpp(224,39): warning C4244: 'argument': conversion from 'double' to 'int', possible loss of data
C:\Users\nelso\Desktop\Universidade\Computacao Grafica\Trabalho\CG-TP.git\trunk\fase1\Generator\Generator\main.cpp(224,24): warning C4244: 'argument': conversion from 'double' to 'int', possible loss of data
C:\Users\nelso\Desktop\Universidade\Computacao Grafica\Trabalho\CG-TP.git\trunk\fase1\Generator\Generator\main.cpp(229,67): warning C4244: 'argument': conversion from 'double' to 'int', possible loss of data
C:\Users\nelso\Desktop\Universidade\Computacao Grafica\Trabalho\CG-TP.git\trunk\fase1\Generator\Generator\main.cpp(229,52): warning C4244: 'argument': conversion from 'double' to 'int', possible loss of data
C:\Users\nelso\Desktop\Universidade\Computacao Grafica\Trabalho\CG-TP.git\trunk\fase1\Generator\Generator\main.cpp(229,37): warning C4244: 'argument': conversion from 'double' to 'int', possible loss of data
C:\Users\nelso\Desktop\Universidade\Computacao Grafica\Trabalho\CG-TP.git\trunk\fase1\Generator\Generator\main.cpp(229,22): warning C4244: 'argument': conversion from 'double' to 'int', possible loss of data
  Generating code
  2 of 9 functions (22.2%) were compiled, the rest were copied from previous compilation.
    0 functions were new in current compilation
    0 functions had inline decision re-evaluated but remain unchanged
  Finished generating code
  Generator.vcxproj -> C:\Users\nelso\Desktop\Universidade\Computacao Grafica\Trabalho\CG-TP.git\trunk\fase1\Generator\Release\Generator.exe
