  ListVertices.cpp
C:\Users\Asus\Documents\Universidade - 3ºano\Universidade - 2ºsemestre - 3ºano\Computação Gráfica\Projeto\trunk\fase1\Generator\Generator\ListVertices.cpp(60,11): warning C4244: 'initializing': conversion from 'double' to 'float', possible loss of data
C:\Users\Asus\Documents\Universidade - 3ºano\Universidade - 2ºsemestre - 3ºano\Computação Gráfica\Projeto\trunk\fase1\Generator\Generator\ListVertices.cpp(61,11): warning C4244: 'initializing': conversion from 'double' to 'float', possible loss of data
C:\Users\Asus\Documents\Universidade - 3ºano\Universidade - 2ºsemestre - 3ºano\Computação Gráfica\Projeto\trunk\fase1\Generator\Generator\ListVertices.cpp(62,11): warning C4244: 'initializing': conversion from 'double' to 'float', possible loss of data
  main.cpp
C:\Users\Asus\Documents\Universidade - 3ºano\Universidade - 2ºsemestre - 3ºano\Computação Gráfica\Projeto\trunk\fase1\Generator\Generator\main.cpp(111,14): warning C4244: 'initializing': conversion from 'double' to 'float', possible loss of data
C:\Users\Asus\Documents\Universidade - 3ºano\Universidade - 2ºsemestre - 3ºano\Computação Gráfica\Projeto\trunk\fase1\Generator\Generator\main.cpp(114,13): warning C4244: 'initializing': conversion from 'double' to 'float', possible loss of data
C:\Users\Asus\Documents\Universidade - 3ºano\Universidade - 2ºsemestre - 3ºano\Computação Gráfica\Projeto\trunk\fase1\Generator\Generator\main.cpp(121,31): warning C4305: 'initializing': truncation from 'double' to 'float'
C:\Users\Asus\Documents\Universidade - 3ºano\Universidade - 2ºsemestre - 3ºano\Computação Gráfica\Projeto\trunk\fase1\Generator\Generator\main.cpp(129,15): warning C4244: '=': conversion from 'double' to 'float', possible loss of data
C:\Users\Asus\Documents\Universidade - 3ºano\Universidade - 2ºsemestre - 3ºano\Computação Gráfica\Projeto\trunk\fase1\Generator\Generator\main.cpp(134,31): warning C4244: '=': conversion from 'double' to 'float', possible loss of data
C:\Users\Asus\Documents\Universidade - 3ºano\Universidade - 2ºsemestre - 3ºano\Computação Gráfica\Projeto\trunk\fase1\Generator\Generator\main.cpp(135,15): warning C4244: '=': conversion from 'double' to 'float', possible loss of data
C:\Users\Asus\Documents\Universidade - 3ºano\Universidade - 2ºsemestre - 3ºano\Computação Gráfica\Projeto\trunk\fase1\Generator\Generator\main.cpp(136,31): warning C4244: '=': conversion from 'double' to 'float', possible loss of data
C:\Users\Asus\Documents\Universidade - 3ºano\Universidade - 2ºsemestre - 3ºano\Computação Gráfica\Projeto\trunk\fase1\Generator\Generator\main.cpp(140,31): warning C4244: '=': conversion from 'double' to 'float', possible loss of data
C:\Users\Asus\Documents\Universidade - 3ºano\Universidade - 2ºsemestre - 3ºano\Computação Gráfica\Projeto\trunk\fase1\Generator\Generator\main.cpp(141,15): warning C4244: '=': conversion from 'double' to 'float', possible loss of data
C:\Users\Asus\Documents\Universidade - 3ºano\Universidade - 2ºsemestre - 3ºano\Computação Gráfica\Projeto\trunk\fase1\Generator\Generator\main.cpp(142,31): warning C4244: '=': conversion from 'double' to 'float', possible loss of data
C:\Users\Asus\Documents\Universidade - 3ºano\Universidade - 2ºsemestre - 3ºano\Computação Gráfica\Projeto\trunk\fase1\Generator\Generator\main.cpp(156,14): warning C4244: 'initializing': conversion from 'double' to 'float', possible loss of data
C:\Users\Asus\Documents\Universidade - 3ºano\Universidade - 2ºsemestre - 3ºano\Computação Gráfica\Projeto\trunk\fase1\Generator\Generator\main.cpp(158,22): warning C4244: 'initializing': conversion from 'int' to 'float', possible loss of data
C:\Users\Asus\Documents\Universidade - 3ºano\Universidade - 2ºsemestre - 3ºano\Computação Gráfica\Projeto\trunk\fase1\Generator\Generator\main.cpp(178,22): warning C4244: '=': conversion from 'double' to 'float', possible loss of data
C:\Users\Asus\Documents\Universidade - 3ºano\Universidade - 2ºsemestre - 3ºano\Computação Gráfica\Projeto\trunk\fase1\Generator\Generator\main.cpp(179,22): warning C4244: '=': conversion from 'double' to 'float', possible loss of data
C:\Users\Asus\Documents\Universidade - 3ºano\Universidade - 2ºsemestre - 3ºano\Computação Gráfica\Projeto\trunk\fase1\Generator\Generator\main.cpp(183,22): warning C4244: '=': conversion from 'double' to 'float', possible loss of data
C:\Users\Asus\Documents\Universidade - 3ºano\Universidade - 2ºsemestre - 3ºano\Computação Gráfica\Projeto\trunk\fase1\Generator\Generator\main.cpp(184,22): warning C4244: '=': conversion from 'double' to 'float', possible loss of data
C:\Users\Asus\Documents\Universidade - 3ºano\Universidade - 2ºsemestre - 3ºano\Computação Gráfica\Projeto\trunk\fase1\Generator\Generator\main.cpp(160,11): warning C4101: 'y': unreferenced local variable
C:\Users\Asus\Documents\Universidade - 3ºano\Universidade - 2ºsemestre - 3ºano\Computação Gráfica\Projeto\trunk\fase1\Generator\Generator\main.cpp(210,22): warning C4244: 'argument': conversion from 'double' to 'float', possible loss of data
C:\Users\Asus\Documents\Universidade - 3ºano\Universidade - 2ºsemestre - 3ºano\Computação Gráfica\Projeto\trunk\fase1\Generator\Generator\main.cpp(215,51): warning C4244: 'argument': conversion from 'double' to 'float', possible loss of data
C:\Users\Asus\Documents\Universidade - 3ºano\Universidade - 2ºsemestre - 3ºano\Computação Gráfica\Projeto\trunk\fase1\Generator\Generator\main.cpp(215,36): warning C4244: 'argument': conversion from 'double' to 'float', possible loss of data
C:\Users\Asus\Documents\Universidade - 3ºano\Universidade - 2ºsemestre - 3ºano\Computação Gráfica\Projeto\trunk\fase1\Generator\Generator\main.cpp(215,21): warning C4244: 'argument': conversion from 'double' to 'float', possible loss of data
C:\Users\Asus\Documents\Universidade - 3ºano\Universidade - 2ºsemestre - 3ºano\Computação Gráfica\Projeto\trunk\fase1\Generator\Generator\main.cpp(220,54): warning C4244: 'argument': conversion from 'double' to 'int', possible loss of data
C:\Users\Asus\Documents\Universidade - 3ºano\Universidade - 2ºsemestre - 3ºano\Computação Gráfica\Projeto\trunk\fase1\Generator\Generator\main.cpp(220,39): warning C4244: 'argument': conversion from 'double' to 'int', possible loss of data
C:\Users\Asus\Documents\Universidade - 3ºano\Universidade - 2ºsemestre - 3ºano\Computação Gráfica\Projeto\trunk\fase1\Generator\Generator\main.cpp(220,24): warning C4244: 'argument': conversion from 'double' to 'int', possible loss of data
C:\Users\Asus\Documents\Universidade - 3ºano\Universidade - 2ºsemestre - 3ºano\Computação Gráfica\Projeto\trunk\fase1\Generator\Generator\main.cpp(225,67): warning C4244: 'argument': conversion from 'double' to 'int', possible loss of data
C:\Users\Asus\Documents\Universidade - 3ºano\Universidade - 2ºsemestre - 3ºano\Computação Gráfica\Projeto\trunk\fase1\Generator\Generator\main.cpp(225,52): warning C4244: 'argument': conversion from 'double' to 'int', possible loss of data
C:\Users\Asus\Documents\Universidade - 3ºano\Universidade - 2ºsemestre - 3ºano\Computação Gráfica\Projeto\trunk\fase1\Generator\Generator\main.cpp(225,37): warning C4244: 'argument': conversion from 'double' to 'int', possible loss of data
C:\Users\Asus\Documents\Universidade - 3ºano\Universidade - 2ºsemestre - 3ºano\Computação Gráfica\Projeto\trunk\fase1\Generator\Generator\main.cpp(225,22): warning C4244: 'argument': conversion from 'double' to 'int', possible loss of data
  TesteList.cpp
  vertice.cpp
C:\Users\Asus\Documents\Universidade - 3ºano\Universidade - 2ºsemestre - 3ºano\Computação Gráfica\Projeto\trunk\fase1\Generator\Generator\vertice.cpp(35,10): warning C4244: 'return': conversion from 'float' to 'int', possible loss of data
C:\Users\Asus\Documents\Universidade - 3ºano\Universidade - 2ºsemestre - 3ºano\Computação Gráfica\Projeto\trunk\fase1\Generator\Generator\vertice.cpp(45,10): warning C4244: 'return': conversion from 'float' to 'int', possible loss of data
C:\Users\Asus\Documents\Universidade - 3ºano\Universidade - 2ºsemestre - 3ºano\Computação Gráfica\Projeto\trunk\fase1\Generator\Generator\vertice.cpp(55,10): warning C4244: 'return': conversion from 'float' to 'int', possible loss of data
  Generating code
  9 of 9 functions (100.0%) were compiled.
    5 functions were new in current compilation
    0 functions had inline decision re-evaluated but remain unchanged
  Finished generating code
  Generator.vcxproj -> C:\Users\Asus\Documents\Universidade - 3ºano\Universidade - 2ºsemestre - 3ºano\Computação Gráfica\Projeto\trunk\fase1\Generator\Release\Generator.exe
