  main.cpp
C:\Users\nelso\Desktop\Universidade\Computacao Grafica\Trabalho\CG-TP.git\trunk\fase4\Generator\Generator\main.cpp(55,10): warning C4244: 'initializing': conversion from 'double' to 'float', possible loss of data
C:\Users\nelso\Desktop\Universidade\Computacao Grafica\Trabalho\CG-TP.git\trunk\fase4\Generator\Generator\main.cpp(274,14): warning C4244: 'initializing': conversion from 'double' to 'float', possible loss of data
C:\Users\nelso\Desktop\Universidade\Computacao Grafica\Trabalho\CG-TP.git\trunk\fase4\Generator\Generator\main.cpp(279,13): warning C4244: 'initializing': conversion from 'double' to 'float', possible loss of data
C:\Users\nelso\Desktop\Universidade\Computacao Grafica\Trabalho\CG-TP.git\trunk\fase4\Generator\Generator\main.cpp(288,16): warning C4244: 'initializing': conversion from 'double' to 'float', possible loss of data
C:\Users\nelso\Desktop\Universidade\Computacao Grafica\Trabalho\CG-TP.git\trunk\fase4\Generator\Generator\main.cpp(298,31): warning C4244: '=': conversion from 'double' to 'float', possible loss of data
C:\Users\nelso\Desktop\Universidade\Computacao Grafica\Trabalho\CG-TP.git\trunk\fase4\Generator\Generator\main.cpp(299,15): warning C4244: '=': conversion from 'double' to 'float', possible loss of data
C:\Users\nelso\Desktop\Universidade\Computacao Grafica\Trabalho\CG-TP.git\trunk\fase4\Generator\Generator\main.cpp(300,31): warning C4244: '=': conversion from 'double' to 'float', possible loss of data
C:\Users\nelso\Desktop\Universidade\Computacao Grafica\Trabalho\CG-TP.git\trunk\fase4\Generator\Generator\main.cpp(305,36): warning C4244: '=': conversion from 'double' to 'float', possible loss of data
C:\Users\nelso\Desktop\Universidade\Computacao Grafica\Trabalho\CG-TP.git\trunk\fase4\Generator\Generator\main.cpp(306,20): warning C4244: '=': conversion from 'double' to 'float', possible loss of data
C:\Users\nelso\Desktop\Universidade\Computacao Grafica\Trabalho\CG-TP.git\trunk\fase4\Generator\Generator\main.cpp(307,36): warning C4244: '=': conversion from 'double' to 'float', possible loss of data
C:\Users\nelso\Desktop\Universidade\Computacao Grafica\Trabalho\CG-TP.git\trunk\fase4\Generator\Generator\main.cpp(320,34): warning C4244: '=': conversion from 'double' to 'float', possible loss of data
C:\Users\nelso\Desktop\Universidade\Computacao Grafica\Trabalho\CG-TP.git\trunk\fase4\Generator\Generator\main.cpp(321,15): warning C4244: '=': conversion from 'double' to 'float', possible loss of data
C:\Users\nelso\Desktop\Universidade\Computacao Grafica\Trabalho\CG-TP.git\trunk\fase4\Generator\Generator\main.cpp(322,34): warning C4244: '=': conversion from 'double' to 'float', possible loss of data
C:\Users\nelso\Desktop\Universidade\Computacao Grafica\Trabalho\CG-TP.git\trunk\fase4\Generator\Generator\main.cpp(327,39): warning C4244: '=': conversion from 'double' to 'float', possible loss of data
C:\Users\nelso\Desktop\Universidade\Computacao Grafica\Trabalho\CG-TP.git\trunk\fase4\Generator\Generator\main.cpp(328,20): warning C4244: '=': conversion from 'double' to 'float', possible loss of data
C:\Users\nelso\Desktop\Universidade\Computacao Grafica\Trabalho\CG-TP.git\trunk\fase4\Generator\Generator\main.cpp(329,39): warning C4244: '=': conversion from 'double' to 'float', possible loss of data
C:\Users\nelso\Desktop\Universidade\Computacao Grafica\Trabalho\CG-TP.git\trunk\fase4\Generator\Generator\main.cpp(342,34): warning C4244: '=': conversion from 'double' to 'float', possible loss of data
C:\Users\nelso\Desktop\Universidade\Computacao Grafica\Trabalho\CG-TP.git\trunk\fase4\Generator\Generator\main.cpp(343,15): warning C4244: '=': conversion from 'double' to 'float', possible loss of data
C:\Users\nelso\Desktop\Universidade\Computacao Grafica\Trabalho\CG-TP.git\trunk\fase4\Generator\Generator\main.cpp(344,34): warning C4244: '=': conversion from 'double' to 'float', possible loss of data
C:\Users\nelso\Desktop\Universidade\Computacao Grafica\Trabalho\CG-TP.git\trunk\fase4\Generator\Generator\main.cpp(349,39): warning C4244: '=': conversion from 'double' to 'float', possible loss of data
C:\Users\nelso\Desktop\Universidade\Computacao Grafica\Trabalho\CG-TP.git\trunk\fase4\Generator\Generator\main.cpp(350,20): warning C4244: '=': conversion from 'double' to 'float', possible loss of data
C:\Users\nelso\Desktop\Universidade\Computacao Grafica\Trabalho\CG-TP.git\trunk\fase4\Generator\Generator\main.cpp(351,39): warning C4244: '=': conversion from 'double' to 'float', possible loss of data
C:\Users\nelso\Desktop\Universidade\Computacao Grafica\Trabalho\CG-TP.git\trunk\fase4\Generator\Generator\main.cpp(364,34): warning C4244: '=': conversion from 'double' to 'float', possible loss of data
C:\Users\nelso\Desktop\Universidade\Computacao Grafica\Trabalho\CG-TP.git\trunk\fase4\Generator\Generator\main.cpp(365,15): warning C4244: '=': conversion from 'double' to 'float', possible loss of data
C:\Users\nelso\Desktop\Universidade\Computacao Grafica\Trabalho\CG-TP.git\trunk\fase4\Generator\Generator\main.cpp(366,34): warning C4244: '=': conversion from 'double' to 'float', possible loss of data
C:\Users\nelso\Desktop\Universidade\Computacao Grafica\Trabalho\CG-TP.git\trunk\fase4\Generator\Generator\main.cpp(371,39): warning C4244: '=': conversion from 'double' to 'float', possible loss of data
C:\Users\nelso\Desktop\Universidade\Computacao Grafica\Trabalho\CG-TP.git\trunk\fase4\Generator\Generator\main.cpp(372,20): warning C4244: '=': conversion from 'double' to 'float', possible loss of data
C:\Users\nelso\Desktop\Universidade\Computacao Grafica\Trabalho\CG-TP.git\trunk\fase4\Generator\Generator\main.cpp(373,39): warning C4244: '=': conversion from 'double' to 'float', possible loss of data
C:\Users\nelso\Desktop\Universidade\Computacao Grafica\Trabalho\CG-TP.git\trunk\fase4\Generator\Generator\main.cpp(386,31): warning C4244: '=': conversion from 'double' to 'float', possible loss of data
C:\Users\nelso\Desktop\Universidade\Computacao Grafica\Trabalho\CG-TP.git\trunk\fase4\Generator\Generator\main.cpp(387,15): warning C4244: '=': conversion from 'double' to 'float', possible loss of data
C:\Users\nelso\Desktop\Universidade\Computacao Grafica\Trabalho\CG-TP.git\trunk\fase4\Generator\Generator\main.cpp(388,31): warning C4244: '=': conversion from 'double' to 'float', possible loss of data
C:\Users\nelso\Desktop\Universidade\Computacao Grafica\Trabalho\CG-TP.git\trunk\fase4\Generator\Generator\main.cpp(393,36): warning C4244: '=': conversion from 'double' to 'float', possible loss of data
C:\Users\nelso\Desktop\Universidade\Computacao Grafica\Trabalho\CG-TP.git\trunk\fase4\Generator\Generator\main.cpp(394,20): warning C4244: '=': conversion from 'double' to 'float', possible loss of data
C:\Users\nelso\Desktop\Universidade\Computacao Grafica\Trabalho\CG-TP.git\trunk\fase4\Generator\Generator\main.cpp(395,36): warning C4244: '=': conversion from 'double' to 'float', possible loss of data
C:\Users\nelso\Desktop\Universidade\Computacao Grafica\Trabalho\CG-TP.git\trunk\fase4\Generator\Generator\main.cpp(408,31): warning C4244: '=': conversion from 'double' to 'float', possible loss of data
C:\Users\nelso\Desktop\Universidade\Computacao Grafica\Trabalho\CG-TP.git\trunk\fase4\Generator\Generator\main.cpp(409,15): warning C4244: '=': conversion from 'double' to 'float', possible loss of data
C:\Users\nelso\Desktop\Universidade\Computacao Grafica\Trabalho\CG-TP.git\trunk\fase4\Generator\Generator\main.cpp(410,31): warning C4244: '=': conversion from 'double' to 'float', possible loss of data
C:\Users\nelso\Desktop\Universidade\Computacao Grafica\Trabalho\CG-TP.git\trunk\fase4\Generator\Generator\main.cpp(415,36): warning C4244: '=': conversion from 'double' to 'float', possible loss of data
C:\Users\nelso\Desktop\Universidade\Computacao Grafica\Trabalho\CG-TP.git\trunk\fase4\Generator\Generator\main.cpp(416,20): warning C4244: '=': conversion from 'double' to 'float', possible loss of data
C:\Users\nelso\Desktop\Universidade\Computacao Grafica\Trabalho\CG-TP.git\trunk\fase4\Generator\Generator\main.cpp(417,36): warning C4244: '=': conversion from 'double' to 'float', possible loss of data
C:\Users\nelso\Desktop\Universidade\Computacao Grafica\Trabalho\CG-TP.git\trunk\fase4\Generator\Generator\main.cpp(438,14): warning C4244: 'initializing': conversion from 'double' to 'float', possible loss of data
C:\Users\nelso\Desktop\Universidade\Computacao Grafica\Trabalho\CG-TP.git\trunk\fase4\Generator\Generator\main.cpp(455,16): warning C4244: '=': conversion from 'double' to 'float', possible loss of data
C:\Users\nelso\Desktop\Universidade\Computacao Grafica\Trabalho\CG-TP.git\trunk\fase4\Generator\Generator\main.cpp(457,16): warning C4244: '=': conversion from 'double' to 'float', possible loss of data
C:\Users\nelso\Desktop\Universidade\Computacao Grafica\Trabalho\CG-TP.git\trunk\fase4\Generator\Generator\main.cpp(469,16): warning C4244: '=': conversion from 'double' to 'float', possible loss of data
C:\Users\nelso\Desktop\Universidade\Computacao Grafica\Trabalho\CG-TP.git\trunk\fase4\Generator\Generator\main.cpp(471,16): warning C4244: '=': conversion from 'double' to 'float', possible loss of data
C:\Users\nelso\Desktop\Universidade\Computacao Grafica\Trabalho\CG-TP.git\trunk\fase4\Generator\Generator\main.cpp(483,16): warning C4244: '=': conversion from 'double' to 'float', possible loss of data
C:\Users\nelso\Desktop\Universidade\Computacao Grafica\Trabalho\CG-TP.git\trunk\fase4\Generator\Generator\main.cpp(485,16): warning C4244: '=': conversion from 'double' to 'float', possible loss of data
C:\Users\nelso\Desktop\Universidade\Computacao Grafica\Trabalho\CG-TP.git\trunk\fase4\Generator\Generator\main.cpp(499,16): warning C4244: '=': conversion from 'double' to 'float', possible loss of data
C:\Users\nelso\Desktop\Universidade\Computacao Grafica\Trabalho\CG-TP.git\trunk\fase4\Generator\Generator\main.cpp(501,16): warning C4244: '=': conversion from 'double' to 'float', possible loss of data
C:\Users\nelso\Desktop\Universidade\Computacao Grafica\Trabalho\CG-TP.git\trunk\fase4\Generator\Generator\main.cpp(513,16): warning C4244: '=': conversion from 'double' to 'float', possible loss of data
C:\Users\nelso\Desktop\Universidade\Computacao Grafica\Trabalho\CG-TP.git\trunk\fase4\Generator\Generator\main.cpp(515,16): warning C4244: '=': conversion from 'double' to 'float', possible loss of data
C:\Users\nelso\Desktop\Universidade\Computacao Grafica\Trabalho\CG-TP.git\trunk\fase4\Generator\Generator\main.cpp(527,16): warning C4244: '=': conversion from 'double' to 'float', possible loss of data
C:\Users\nelso\Desktop\Universidade\Computacao Grafica\Trabalho\CG-TP.git\trunk\fase4\Generator\Generator\main.cpp(529,16): warning C4244: '=': conversion from 'double' to 'float', possible loss of data
C:\Users\nelso\Desktop\Universidade\Computacao Grafica\Trabalho\CG-TP.git\trunk\fase4\Generator\Generator\main.cpp(551,22): warning C4244: 'initializing': conversion from 'int' to 'float', possible loss of data
C:\Users\nelso\Desktop\Universidade\Computacao Grafica\Trabalho\CG-TP.git\trunk\fase4\Generator\Generator\main.cpp(554,14): warning C4244: 'initializing': conversion from 'double' to 'float', possible loss of data
C:\Users\nelso\Desktop\Universidade\Computacao Grafica\Trabalho\CG-TP.git\trunk\fase4\Generator\Generator\main.cpp(574,20): warning C4244: '=': conversion from 'double' to 'float', possible loss of data
C:\Users\nelso\Desktop\Universidade\Computacao Grafica\Trabalho\CG-TP.git\trunk\fase4\Generator\Generator\main.cpp(575,20): warning C4244: '=': conversion from 'double' to 'float', possible loss of data
C:\Users\nelso\Desktop\Universidade\Computacao Grafica\Trabalho\CG-TP.git\trunk\fase4\Generator\Generator\main.cpp(579,20): warning C4244: '=': conversion from 'double' to 'float', possible loss of data
C:\Users\nelso\Desktop\Universidade\Computacao Grafica\Trabalho\CG-TP.git\trunk\fase4\Generator\Generator\main.cpp(580,20): warning C4244: '=': conversion from 'double' to 'float', possible loss of data
C:\Users\nelso\Desktop\Universidade\Computacao Grafica\Trabalho\CG-TP.git\trunk\fase4\Generator\Generator\main.cpp(601,19): warning C4244: '=': conversion from 'double' to 'float', possible loss of data
C:\Users\nelso\Desktop\Universidade\Computacao Grafica\Trabalho\CG-TP.git\trunk\fase4\Generator\Generator\main.cpp(602,19): warning C4244: '=': conversion from 'double' to 'float', possible loss of data
C:\Users\nelso\Desktop\Universidade\Computacao Grafica\Trabalho\CG-TP.git\trunk\fase4\Generator\Generator\main.cpp(606,22): warning C4244: '=': conversion from 'double' to 'float', possible loss of data
C:\Users\nelso\Desktop\Universidade\Computacao Grafica\Trabalho\CG-TP.git\trunk\fase4\Generator\Generator\main.cpp(607,22): warning C4244: '=': conversion from 'double' to 'float', possible loss of data
C:\Users\nelso\Desktop\Universidade\Computacao Grafica\Trabalho\CG-TP.git\trunk\fase4\Generator\Generator\main.cpp(611,22): warning C4244: '=': conversion from 'double' to 'float', possible loss of data
C:\Users\nelso\Desktop\Universidade\Computacao Grafica\Trabalho\CG-TP.git\trunk\fase4\Generator\Generator\main.cpp(612,22): warning C4244: '=': conversion from 'double' to 'float', possible loss of data
C:\Users\nelso\Desktop\Universidade\Computacao Grafica\Trabalho\CG-TP.git\trunk\fase4\Generator\Generator\main.cpp(616,22): warning C4244: '=': conversion from 'double' to 'float', possible loss of data
C:\Users\nelso\Desktop\Universidade\Computacao Grafica\Trabalho\CG-TP.git\trunk\fase4\Generator\Generator\main.cpp(617,22): warning C4244: '=': conversion from 'double' to 'float', possible loss of data
C:\Users\nelso\Desktop\Universidade\Computacao Grafica\Trabalho\CG-TP.git\trunk\fase4\Generator\Generator\main.cpp(621,19): warning C4244: '=': conversion from 'double' to 'float', possible loss of data
C:\Users\nelso\Desktop\Universidade\Computacao Grafica\Trabalho\CG-TP.git\trunk\fase4\Generator\Generator\main.cpp(622,19): warning C4244: '=': conversion from 'double' to 'float', possible loss of data
C:\Users\nelso\Desktop\Universidade\Computacao Grafica\Trabalho\CG-TP.git\trunk\fase4\Generator\Generator\main.cpp(626,19): warning C4244: '=': conversion from 'double' to 'float', possible loss of data
C:\Users\nelso\Desktop\Universidade\Computacao Grafica\Trabalho\CG-TP.git\trunk\fase4\Generator\Generator\main.cpp(627,19): warning C4244: '=': conversion from 'double' to 'float', possible loss of data
C:\Users\nelso\Desktop\Universidade\Computacao Grafica\Trabalho\CG-TP.git\trunk\fase4\Generator\Generator\main.cpp(781,18): warning C4244: '=': conversion from 'double' to 'float', possible loss of data
C:\Users\nelso\Desktop\Universidade\Computacao Grafica\Trabalho\CG-TP.git\trunk\fase4\Generator\Generator\main.cpp(781,57): warning C4244: '=': conversion from 'double' to 'float', possible loss of data
C:\Users\nelso\Desktop\Universidade\Computacao Grafica\Trabalho\CG-TP.git\trunk\fase4\Generator\Generator\main.cpp(831,18): warning C4244: '=': conversion from 'double' to 'float', possible loss of data
C:\Users\nelso\Desktop\Universidade\Computacao Grafica\Trabalho\CG-TP.git\trunk\fase4\Generator\Generator\main.cpp(831,57): warning C4244: '=': conversion from 'double' to 'float', possible loss of data
C:\Users\nelso\Desktop\Universidade\Computacao Grafica\Trabalho\CG-TP.git\trunk\fase4\Generator\Generator\main.cpp(1024,22): warning C4244: 'argument': conversion from 'double' to 'float', possible loss of data
C:\Users\nelso\Desktop\Universidade\Computacao Grafica\Trabalho\CG-TP.git\trunk\fase4\Generator\Generator\main.cpp(1030,51): warning C4244: 'argument': conversion from 'double' to 'float', possible loss of data
C:\Users\nelso\Desktop\Universidade\Computacao Grafica\Trabalho\CG-TP.git\trunk\fase4\Generator\Generator\main.cpp(1030,36): warning C4244: 'argument': conversion from 'double' to 'float', possible loss of data
C:\Users\nelso\Desktop\Universidade\Computacao Grafica\Trabalho\CG-TP.git\trunk\fase4\Generator\Generator\main.cpp(1030,21): warning C4244: 'argument': conversion from 'double' to 'float', possible loss of data
C:\Users\nelso\Desktop\Universidade\Computacao Grafica\Trabalho\CG-TP.git\trunk\fase4\Generator\Generator\main.cpp(1036,54): warning C4244: 'argument': conversion from 'double' to 'int', possible loss of data
C:\Users\nelso\Desktop\Universidade\Computacao Grafica\Trabalho\CG-TP.git\trunk\fase4\Generator\Generator\main.cpp(1036,39): warning C4244: 'argument': conversion from 'double' to 'int', possible loss of data
C:\Users\nelso\Desktop\Universidade\Computacao Grafica\Trabalho\CG-TP.git\trunk\fase4\Generator\Generator\main.cpp(1036,24): warning C4244: 'argument': conversion from 'double' to 'int', possible loss of data
C:\Users\nelso\Desktop\Universidade\Computacao Grafica\Trabalho\CG-TP.git\trunk\fase4\Generator\Generator\main.cpp(1042,67): warning C4244: 'argument': conversion from 'double' to 'int', possible loss of data
C:\Users\nelso\Desktop\Universidade\Computacao Grafica\Trabalho\CG-TP.git\trunk\fase4\Generator\Generator\main.cpp(1042,52): warning C4244: 'argument': conversion from 'double' to 'int', possible loss of data
C:\Users\nelso\Desktop\Universidade\Computacao Grafica\Trabalho\CG-TP.git\trunk\fase4\Generator\Generator\main.cpp(1042,37): warning C4244: 'argument': conversion from 'double' to 'int', possible loss of data
C:\Users\nelso\Desktop\Universidade\Computacao Grafica\Trabalho\CG-TP.git\trunk\fase4\Generator\Generator\main.cpp(1042,22): warning C4244: 'argument': conversion from 'double' to 'int', possible loss of data
C:\Users\nelso\Desktop\Universidade\Computacao Grafica\Trabalho\CG-TP.git\trunk\fase4\Generator\Generator\main.cpp(1048,53): warning C4244: 'argument': conversion from 'double' to 'int', possible loss of data
C:\Users\nelso\Desktop\Universidade\Computacao Grafica\Trabalho\CG-TP.git\trunk\fase4\Generator\Generator\main.cpp(1048,38): warning C4244: 'argument': conversion from 'double' to 'int', possible loss of data
C:\Users\nelso\Desktop\Universidade\Computacao Grafica\Trabalho\CG-TP.git\trunk\fase4\Generator\Generator\main.cpp(1048,23): warning C4244: 'argument': conversion from 'double' to 'int', possible loss of data
  Generator.vcxproj -> C:\Users\nelso\Desktop\Universidade\Computacao Grafica\Trabalho\CG-TP.git\trunk\fase4\Generator\Debug\Generator.exe
