  main.cpp
C:\Users\nelso\Desktop\Universidade\Computacao Grafica\Trabalho\CG-TP.git\trunk\fase3\Generator\Generator\main.cpp(112,14): warning C4244: 'initializing': conversion from 'double' to 'float', possible loss of data
C:\Users\nelso\Desktop\Universidade\Computacao Grafica\Trabalho\CG-TP.git\trunk\fase3\Generator\Generator\main.cpp(115,13): warning C4244: 'initializing': conversion from 'double' to 'float', possible loss of data
C:\Users\nelso\Desktop\Universidade\Computacao Grafica\Trabalho\CG-TP.git\trunk\fase3\Generator\Generator\main.cpp(124,16): warning C4244: 'initializing': conversion from 'double' to 'float', possible loss of data
C:\Users\nelso\Desktop\Universidade\Computacao Grafica\Trabalho\CG-TP.git\trunk\fase3\Generator\Generator\main.cpp(134,15): warning C4244: '=': conversion from 'double' to 'float', possible loss of data
C:\Users\nelso\Desktop\Universidade\Computacao Grafica\Trabalho\CG-TP.git\trunk\fase3\Generator\Generator\main.cpp(139,31): warning C4244: '=': conversion from 'double' to 'float', possible loss of data
C:\Users\nelso\Desktop\Universidade\Computacao Grafica\Trabalho\CG-TP.git\trunk\fase3\Generator\Generator\main.cpp(140,15): warning C4244: '=': conversion from 'double' to 'float', possible loss of data
C:\Users\nelso\Desktop\Universidade\Computacao Grafica\Trabalho\CG-TP.git\trunk\fase3\Generator\Generator\main.cpp(141,31): warning C4244: '=': conversion from 'double' to 'float', possible loss of data
C:\Users\nelso\Desktop\Universidade\Computacao Grafica\Trabalho\CG-TP.git\trunk\fase3\Generator\Generator\main.cpp(145,31): warning C4244: '=': conversion from 'double' to 'float', possible loss of data
C:\Users\nelso\Desktop\Universidade\Computacao Grafica\Trabalho\CG-TP.git\trunk\fase3\Generator\Generator\main.cpp(146,15): warning C4244: '=': conversion from 'double' to 'float', possible loss of data
C:\Users\nelso\Desktop\Universidade\Computacao Grafica\Trabalho\CG-TP.git\trunk\fase3\Generator\Generator\main.cpp(147,31): warning C4244: '=': conversion from 'double' to 'float', possible loss of data
C:\Users\nelso\Desktop\Universidade\Computacao Grafica\Trabalho\CG-TP.git\trunk\fase3\Generator\Generator\main.cpp(160,14): warning C4244: 'initializing': conversion from 'double' to 'float', possible loss of data
C:\Users\nelso\Desktop\Universidade\Computacao Grafica\Trabalho\CG-TP.git\trunk\fase3\Generator\Generator\main.cpp(176,16): warning C4244: '=': conversion from 'double' to 'float', possible loss of data
C:\Users\nelso\Desktop\Universidade\Computacao Grafica\Trabalho\CG-TP.git\trunk\fase3\Generator\Generator\main.cpp(178,16): warning C4244: '=': conversion from 'double' to 'float', possible loss of data
C:\Users\nelso\Desktop\Universidade\Computacao Grafica\Trabalho\CG-TP.git\trunk\fase3\Generator\Generator\main.cpp(182,16): warning C4244: '=': conversion from 'double' to 'float', possible loss of data
C:\Users\nelso\Desktop\Universidade\Computacao Grafica\Trabalho\CG-TP.git\trunk\fase3\Generator\Generator\main.cpp(184,16): warning C4244: '=': conversion from 'double' to 'float', possible loss of data
C:\Users\nelso\Desktop\Universidade\Computacao Grafica\Trabalho\CG-TP.git\trunk\fase3\Generator\Generator\main.cpp(188,16): warning C4244: '=': conversion from 'double' to 'float', possible loss of data
C:\Users\nelso\Desktop\Universidade\Computacao Grafica\Trabalho\CG-TP.git\trunk\fase3\Generator\Generator\main.cpp(190,16): warning C4244: '=': conversion from 'double' to 'float', possible loss of data
C:\Users\nelso\Desktop\Universidade\Computacao Grafica\Trabalho\CG-TP.git\trunk\fase3\Generator\Generator\main.cpp(196,16): warning C4244: '=': conversion from 'double' to 'float', possible loss of data
C:\Users\nelso\Desktop\Universidade\Computacao Grafica\Trabalho\CG-TP.git\trunk\fase3\Generator\Generator\main.cpp(198,16): warning C4244: '=': conversion from 'double' to 'float', possible loss of data
C:\Users\nelso\Desktop\Universidade\Computacao Grafica\Trabalho\CG-TP.git\trunk\fase3\Generator\Generator\main.cpp(202,16): warning C4244: '=': conversion from 'double' to 'float', possible loss of data
C:\Users\nelso\Desktop\Universidade\Computacao Grafica\Trabalho\CG-TP.git\trunk\fase3\Generator\Generator\main.cpp(204,16): warning C4244: '=': conversion from 'double' to 'float', possible loss of data
C:\Users\nelso\Desktop\Universidade\Computacao Grafica\Trabalho\CG-TP.git\trunk\fase3\Generator\Generator\main.cpp(208,16): warning C4244: '=': conversion from 'double' to 'float', possible loss of data
C:\Users\nelso\Desktop\Universidade\Computacao Grafica\Trabalho\CG-TP.git\trunk\fase3\Generator\Generator\main.cpp(210,16): warning C4244: '=': conversion from 'double' to 'float', possible loss of data
C:\Users\nelso\Desktop\Universidade\Computacao Grafica\Trabalho\CG-TP.git\trunk\fase3\Generator\Generator\main.cpp(226,14): warning C4244: 'initializing': conversion from 'double' to 'float', possible loss of data
C:\Users\nelso\Desktop\Universidade\Computacao Grafica\Trabalho\CG-TP.git\trunk\fase3\Generator\Generator\main.cpp(228,22): warning C4244: 'initializing': conversion from 'int' to 'float', possible loss of data
C:\Users\nelso\Desktop\Universidade\Computacao Grafica\Trabalho\CG-TP.git\trunk\fase3\Generator\Generator\main.cpp(254,22): warning C4244: '=': conversion from 'double' to 'float', possible loss of data
C:\Users\nelso\Desktop\Universidade\Computacao Grafica\Trabalho\CG-TP.git\trunk\fase3\Generator\Generator\main.cpp(255,22): warning C4244: '=': conversion from 'double' to 'float', possible loss of data
C:\Users\nelso\Desktop\Universidade\Computacao Grafica\Trabalho\CG-TP.git\trunk\fase3\Generator\Generator\main.cpp(259,22): warning C4244: '=': conversion from 'double' to 'float', possible loss of data
C:\Users\nelso\Desktop\Universidade\Computacao Grafica\Trabalho\CG-TP.git\trunk\fase3\Generator\Generator\main.cpp(260,22): warning C4244: '=': conversion from 'double' to 'float', possible loss of data
C:\Users\nelso\Desktop\Universidade\Computacao Grafica\Trabalho\CG-TP.git\trunk\fase3\Generator\Generator\main.cpp(377,22): warning C4244: 'argument': conversion from 'double' to 'float', possible loss of data
C:\Users\nelso\Desktop\Universidade\Computacao Grafica\Trabalho\CG-TP.git\trunk\fase3\Generator\Generator\main.cpp(382,51): warning C4244: 'argument': conversion from 'double' to 'float', possible loss of data
C:\Users\nelso\Desktop\Universidade\Computacao Grafica\Trabalho\CG-TP.git\trunk\fase3\Generator\Generator\main.cpp(382,36): warning C4244: 'argument': conversion from 'double' to 'float', possible loss of data
C:\Users\nelso\Desktop\Universidade\Computacao Grafica\Trabalho\CG-TP.git\trunk\fase3\Generator\Generator\main.cpp(382,21): warning C4244: 'argument': conversion from 'double' to 'float', possible loss of data
C:\Users\nelso\Desktop\Universidade\Computacao Grafica\Trabalho\CG-TP.git\trunk\fase3\Generator\Generator\main.cpp(387,54): warning C4244: 'argument': conversion from 'double' to 'int', possible loss of data
C:\Users\nelso\Desktop\Universidade\Computacao Grafica\Trabalho\CG-TP.git\trunk\fase3\Generator\Generator\main.cpp(387,39): warning C4244: 'argument': conversion from 'double' to 'int', possible loss of data
C:\Users\nelso\Desktop\Universidade\Computacao Grafica\Trabalho\CG-TP.git\trunk\fase3\Generator\Generator\main.cpp(387,24): warning C4244: 'argument': conversion from 'double' to 'int', possible loss of data
C:\Users\nelso\Desktop\Universidade\Computacao Grafica\Trabalho\CG-TP.git\trunk\fase3\Generator\Generator\main.cpp(392,67): warning C4244: 'argument': conversion from 'double' to 'int', possible loss of data
C:\Users\nelso\Desktop\Universidade\Computacao Grafica\Trabalho\CG-TP.git\trunk\fase3\Generator\Generator\main.cpp(392,52): warning C4244: 'argument': conversion from 'double' to 'int', possible loss of data
C:\Users\nelso\Desktop\Universidade\Computacao Grafica\Trabalho\CG-TP.git\trunk\fase3\Generator\Generator\main.cpp(392,37): warning C4244: 'argument': conversion from 'double' to 'int', possible loss of data
C:\Users\nelso\Desktop\Universidade\Computacao Grafica\Trabalho\CG-TP.git\trunk\fase3\Generator\Generator\main.cpp(392,22): warning C4244: 'argument': conversion from 'double' to 'int', possible loss of data
C:\Users\nelso\Desktop\Universidade\Computacao Grafica\Trabalho\CG-TP.git\trunk\fase3\Generator\Generator\main.cpp(397,53): warning C4244: 'argument': conversion from 'double' to 'int', possible loss of data
C:\Users\nelso\Desktop\Universidade\Computacao Grafica\Trabalho\CG-TP.git\trunk\fase3\Generator\Generator\main.cpp(397,38): warning C4244: 'argument': conversion from 'double' to 'int', possible loss of data
C:\Users\nelso\Desktop\Universidade\Computacao Grafica\Trabalho\CG-TP.git\trunk\fase3\Generator\Generator\main.cpp(397,23): warning C4244: 'argument': conversion from 'double' to 'int', possible loss of data
  Generator.vcxproj -> C:\Users\nelso\Desktop\Universidade\Computacao Grafica\Trabalho\CG-TP.git\trunk\fase3\Generator\Debug\Generator.exe
